\BOOKMARK [1][]{section.1}{\376\377\116\000\060\001\000\040\225\356\230\230\221\315\217\360}{}% 1
\BOOKMARK [2][]{subsection.1.1}{\376\377\0001\000.\0001\000\040\225\356\230\230\200\314\146\157}{section.1}% 2
\BOOKMARK [2][]{subsection.1.2}{\376\377\0001\000.\0002\000\040\225\356\230\230\211\201\154\102}{section.1}% 3
\BOOKMARK [1][]{section.2}{\376\377\116\214\060\001\000\040\225\356\230\230\122\006\147\220}{}% 4
\BOOKMARK [2][]{subsection.2.1}{\376\377\0002\000.\0001\000\040\225\356\230\230\116\000\166\204\122\006\147\220}{section.2}% 5
\BOOKMARK [2][]{subsection.2.2}{\376\377\0002\000.\0002\000\040\225\356\230\230\116\214\166\204\122\006\147\220}{section.2}% 6
\BOOKMARK [2][]{subsection.2.3}{\376\377\0002\000.\0003\000\040\225\356\230\230\116\011\166\204\122\006\147\220}{section.2}% 7
\BOOKMARK [2][]{subsection.2.4}{\376\377\0002\000.\0004\000\040\225\356\230\230\126\333\166\204\122\006\147\220}{section.2}% 8
\BOOKMARK [2][]{subsection.2.5}{\376\377\0002\000.\0005\000\040\225\356\230\230\116\224\166\204\122\006\147\220}{section.2}% 9
\BOOKMARK [1][]{section.3}{\376\377\116\011\060\001\000\040\152\041\127\213\120\107\213\276}{}% 10
\BOOKMARK [2][]{subsection.3.1}{\376\377\0003\000.\0001\000\040\127\372\147\054\120\107\213\276}{section.3}% 11
\BOOKMARK [2][]{subsection.3.2}{\376\377\0003\000.\0002\000\040\225\356\230\230\116\000\226\104\122\240\120\107\213\276}{section.3}% 12
\BOOKMARK [2][]{subsection.3.3}{\376\377\0003\000.\0003\000\040\225\356\230\230\126\333\226\104\122\240\120\107\213\276}{section.3}% 13
\BOOKMARK [1][]{section.4}{\376\377\126\333\060\001\000\040\173\046\123\367\213\364\146\016}{}% 14
\BOOKMARK [2][]{subsection.4.1}{\376\377\0004\000.\0001\000\040\225\356\230\230\116\000\173\046\123\367\213\364\146\016}{section.4}% 15
\BOOKMARK [1][]{section.5}{\376\377\116\224\060\001\000\040\152\041\127\213\166\204\136\372\172\313\116\016\225\356\230\230\166\204\154\102\211\343}{}% 16
\BOOKMARK [2][]{subsection.5.1}{\376\377\0005\000.\0001\000\040\225\356\230\230\116\000\152\041\127\213\166\204\136\372\172\313}{section.5}% 17
\BOOKMARK [2][]{subsection.5.2}{\376\377\0005\000.\0002\000\040\225\356\230\230\116\000\152\041\127\213\166\204\154\102\211\343}{section.5}% 18
\BOOKMARK [3][]{subsubsection.5.2.1}{\376\377\0005\000.\0002\000.\0001\000\040\145\160\143\156\176\323\147\234\122\006\147\220}{subsection.5.2}% 19
\BOOKMARK [2][]{subsection.5.3}{\376\377\0005\000.\0003\000\040\225\356\230\230\116\214\152\041\127\213\166\204\136\372\172\313}{section.5}% 20
\BOOKMARK [2][]{subsection.5.4}{\376\377\0005\000.\0004\000\040\225\356\230\230\116\214\152\041\127\213\166\204\154\102\211\343}{section.5}% 21
\BOOKMARK [2][]{subsection.5.5}{\376\377\0005\000.\0005\000\040\225\356\230\230\116\011\152\041\127\213\166\204\136\372\172\313\116\016\154\102\211\343}{section.5}% 22
\BOOKMARK [2][]{subsection.5.6}{\376\377\0005\000.\0006\000\040\225\356\230\230\126\333\152\041\127\213\166\204\136\372\172\313}{section.5}% 23
\BOOKMARK [3][]{subsubsection.5.6.1}{\376\377\0005\000.\0006\000.\0001\000\040\226\066\153\265\116\000\152\041\127\213\166\204\136\372\172\313}{subsection.5.6}% 24
\BOOKMARK [3][]{subsubsection.5.6.2}{\376\377\0005\000.\0006\000.\0002\000\040\226\066\153\265\116\214\152\041\127\213\166\204\136\372\172\313}{subsection.5.6}% 25
\BOOKMARK [3][]{subsubsection.5.6.3}{\376\377\0005\000.\0006\000.\0003\000\040\226\066\153\265\116\011\152\041\127\213\166\204\136\372\172\313}{subsection.5.6}% 26
\BOOKMARK [3][]{subsubsection.5.6.4}{\376\377\0005\000.\0006\000.\0004\000\040\127\372\116\216\137\047\176\277\123\112\137\204\214\003\145\164\166\204\152\041\127\213\166\204\136\372\172\313}{subsection.5.6}% 27
\BOOKMARK [2][]{subsection.5.7}{\376\377\0005\000.\0007\000\040\225\356\230\230\126\333\152\041\127\213\166\204\154\102\211\343}{section.5}% 28
\BOOKMARK [2][]{subsection.5.8}{\376\377\0005\000.\0008\000\040\225\356\230\230\116\224\152\041\127\213\166\204\136\372\172\313\116\016\154\102\211\343}{section.5}% 29
\BOOKMARK [1][]{section.6}{\376\377\121\155\060\001\000\040\152\041\127\213\166\204\213\304\116\367\377\014\145\071\217\333\116\016\143\250\136\177}{}% 30
\BOOKMARK [2][]{subsection.6.1}{\376\377\0006\000.\0001\000\040\152\041\127\213\166\204\213\304\116\367}{section.6}% 31
\BOOKMARK [3][]{subsubsection.6.1.1}{\376\377\0006\000.\0001\000.\0001\000\040\117\030\160\271}{subsection.6.1}% 32
\BOOKMARK [3][]{subsubsection.6.1.2}{\376\377\0006\000.\0001\000.\0002\000\040\177\072\160\271}{subsection.6.1}% 33
\BOOKMARK [2][]{subsection.6.2}{\376\377\0006\000.\0002\000\040\152\041\127\213\166\204\145\071\217\333\116\016\143\250\136\177}{section.6}% 34
\BOOKMARK [1][]{section.7}{\376\377\116\003\060\001\000\040\152\041\127\213\166\204\150\300\232\214}{}% 35
\BOOKMARK [2][]{subsection.7.1}{\376\377\0007\000.\0001\000\040\145\271\154\325\174\276\136\246\150\300\232\214}{section.7}% 36
\BOOKMARK [2][]{subsection.7.2}{\376\377\0007\000.\0002\000\040\217\271\165\114\147\141\116\366\150\300\232\214}{section.7}% 37
\BOOKMARK [2][]{subsection.7.3}{\376\377\0007\000.\0003\000\040\123\330\123\026\215\213\122\277\150\300\232\214}{section.7}% 38
\BOOKMARK [1][]{section*.18}{\376\377\123\302\200\003\145\207\163\056}{}% 39
