\BOOKMARK [1][]{section.1}{\376\377\116\000\060\001\000\040\225\356\230\230\221\315\217\360}{}% 1
\BOOKMARK [2][]{subsection.1.1}{\376\377\0001\000.\0001\000\040\225\356\230\230\200\314\146\157}{section.1}% 2
\BOOKMARK [2][]{subsection.1.2}{\376\377\0001\000.\0002\000\040\225\356\230\230\211\201\154\102}{section.1}% 3
\BOOKMARK [1][]{section.2}{\376\377\116\214\060\001\000\040\225\356\230\230\122\006\147\220}{}% 4
\BOOKMARK [2][]{subsection.2.1}{\376\377\0002\000.\0001\000\040\145\160\143\156\230\204\131\004\164\006}{section.2}% 5
\BOOKMARK [2][]{subsection.2.2}{\376\377\0002\000.\0002\000\040\225\356\230\230\116\000\166\204\122\006\147\220}{section.2}% 6
\BOOKMARK [2][]{subsection.2.3}{\376\377\0002\000.\0003\000\040\225\356\230\230\116\214\166\204\122\006\147\220}{section.2}% 7
\BOOKMARK [1][]{section.3}{\376\377\116\011\060\001\000\040\152\041\127\213\120\107\213\276}{}% 8
\BOOKMARK [2][]{subsection.3.1}{\376\377\0003\000.\0001\000\040\127\372\147\054\120\107\213\276}{section.3}% 9
\BOOKMARK [2][]{subsection.3.2}{\376\377\0003\000.\0002\000\040\152\041\127\213\116\000\120\107\213\276}{section.3}% 10
\BOOKMARK [2][]{subsection.3.3}{\376\377\0003\000.\0003\000\040\152\041\127\213\116\214\120\107\213\276}{section.3}% 11
\BOOKMARK [1][]{section.4}{\376\377\126\333\060\001\000\040\173\046\123\367\213\364\146\016}{}% 12
\BOOKMARK [2][]{subsection.4.1}{\376\377\0004\000.\0001\000\040\225\356\230\230\116\000\173\046\123\367\213\364\146\016}{section.4}% 13
\BOOKMARK [2][]{subsection.4.2}{\376\377\0004\000.\0002\000\040\225\356\230\230\116\214\210\145\121\105\173\046\123\367\213\364\146\016}{section.4}% 14
\BOOKMARK [1][]{section.5}{\376\377\116\224\060\001\000\040\152\041\127\213\166\204\136\372\172\313\116\016\225\356\230\230\166\204\154\102\211\343}{}% 15
\BOOKMARK [2][]{subsection.5.1}{\376\377\0005\000.\0001\000\040\152\041\127\213\116\000\166\204\136\372\172\313}{section.5}% 16
\BOOKMARK [2][]{subsection.5.2}{\376\377\0005\000.\0002\000\040\225\356\230\230\116\000\166\204\154\102\211\343}{section.5}% 17
\BOOKMARK [2][]{subsection.5.3}{\376\377\0005\000.\0003\000\040\152\041\127\213\116\214\166\204\136\372\172\313}{section.5}% 18
\BOOKMARK [2][]{subsection.5.4}{\376\377\0005\000.\0004\000\040\225\356\230\230\116\214\166\204\154\102\211\343}{section.5}% 19
\BOOKMARK [2][]{subsection.5.5}{\376\377\0005\000.\0005\000\040\152\041\127\213\116\011\166\204\136\372\172\313}{section.5}% 20
\BOOKMARK [2][]{subsection.5.6}{\376\377\0005\000.\0006\000\040\225\356\230\230\116\011\166\204\154\102\211\343}{section.5}% 21
\BOOKMARK [2][]{subsection.5.7}{\376\377\0005\000.\0007\000\040\225\356\230\230\126\333\166\204\154\102\211\343}{section.5}% 22
\BOOKMARK [2][]{subsection.5.8}{\376\377\0005\000.\0008\000\040\237\231\150\074\136\223\130\124\154\325\173\200\116\313}{section.5}% 23
\BOOKMARK [1][]{section.6}{\376\377\121\155\060\001\000\040\152\041\127\213\166\204\213\304\116\367\377\014\145\071\217\333\116\016\143\250\136\177}{}% 24
\BOOKMARK [2][]{subsection.6.1}{\376\377\0006\000.\0001\000\040\152\041\127\213\166\204\213\304\116\367}{section.6}% 25
\BOOKMARK [3][]{subsubsection.6.1.1}{\376\377\0006\000.\0001\000.\0001\000\040\117\030\160\271}{subsection.6.1}% 26
\BOOKMARK [3][]{subsubsection.6.1.2}{\376\377\0006\000.\0001\000.\0002\000\040\177\072\160\271}{subsection.6.1}% 27
\BOOKMARK [2][]{subsection.6.2}{\376\377\0006\000.\0002\000\040\152\041\127\213\166\204\145\071\217\333\116\016\143\250\136\177}{section.6}% 28
\BOOKMARK [3][]{subsubsection.6.2.1}{\376\377\0006\000.\0002\000.\0001\000\040\123\327\117\027\133\371\214\141}{subsection.6.2}% 29
\BOOKMARK [3][]{subsubsection.6.2.2}{\376\377\0006\000.\0002\000.\0002\000\040\137\161\124\315\126\340\175\040\143\242\172\166}{subsection.6.2}% 30
\BOOKMARK [3][]{subsubsection.6.2.3}{\376\377\0006\000.\0002\000.\0003\000\040\137\161\124\315\126\340\175\040\143\242\172\166}{subsection.6.2}% 31
\BOOKMARK [2][]{subsection.6.3}{\376\377\0006\000.\0003\000\040\143\242\172\166\121\372\163\260\217\237\214\043\140\305\121\265\145\366\146\362\176\277\166\204\123\330\123\026}{section.6}% 32
\BOOKMARK [3][]{subsubsection.6.3.1}{\376\377\0006\000.\0003\000.\0001\000\040\226\104\122\240\120\107\213\276}{subsection.6.3}% 33
\BOOKMARK [3][]{subsubsection.6.3.2}{\376\377\0006\000.\0003\000.\0002\000\040\143\242\172\166\172\201\123\321\217\237\214\043\162\266\121\265\121\372\163\260\145\366\225\364\000t\0001\133\371\146\362\176\277\123\330\123\026\166\204\137\161\124\315}{subsection.6.3}% 34
\BOOKMARK [1][]{section.7}{\376\377\116\003\060\001\000\040\152\041\127\213\166\204\150\300\232\214}{}% 35
\BOOKMARK [2][]{subsection.7.1}{\376\377\0007\000.\0001\000\040\152\041\127\213\166\204\145\071\217\333\116\016\143\250\136\177}{section.7}% 36
\BOOKMARK [1][]{section*.7}{\376\377\123\302\200\003\145\207\163\056}{}% 37
